2023-10-23T18:36:26.725Z [petshop-api] info GET /owner
2023-10-23T19:00:14.020Z [petshop-api] info GET /owner/id
2023-10-23T19:01:06.083Z [petshop-api] info GET /owner/id
2023-10-23T19:12:56.473Z [petshop-api] error DELETE  - there is no parameter $1
2023-10-23T19:13:05.232Z [petshop-api] info GET /owners
2023-10-23T19:14:41.415Z [petshop-api] info DELETE /owner/id
2023-10-23T19:14:44.942Z [petshop-api] info GET /owners
2023-10-23T19:17:41.593Z [petshop-api] info GET /owners
2023-10-23T19:17:48.122Z [petshop-api] info DELETE /owner/id
2023-10-23T19:18:02.518Z [petshop-api] error POST  - loggers is not defined
2023-10-23T20:25:48.837Z [petshop-api] error POST  - JSON.stringfy is not a function
2023-10-23T20:26:44.507Z [petshop-api] error PUT  - Client ID, Name e Phone são obrigatorios.
2023-10-23T20:27:07.054Z [petshop-api] error PUT  - JSON.stringfy is not a function
2023-10-23T20:27:11.970Z [petshop-api] error PUT  - JSON.stringfy is not a function
2023-10-23T20:33:47.341Z [petshop-api] info POST /owner - {"proprietario_id":7,"nome":"Juca Bala","telefone":"(49) 1234-2323"}
2023-10-23T20:34:04.425Z [petshop-api] info PUT /owner - {"proprietario_id":7,"nome":"Juca Bala 38","telefone":"(49) 1234-3232"}
2023-10-24T19:00:33.634Z [petshop-api] info GET /owner/id
2023-10-24T19:29:24.263Z [petshop-api] error POST  - null value in column "tipo" of relation "animais" violates not-null constraint
2023-10-24T19:30:20.862Z [petshop-api] info POST /animal - {"animal_id":2,"nome":"ZettaDOG","tipo":"Cachorro","proprietario_id":3}
2023-10-24T19:30:47.861Z [petshop-api] info GET /animals
2023-10-24T19:32:47.130Z [petshop-api] info DELETE /animal/id
2023-10-24T19:32:51.962Z [petshop-api] info POST /animal - {"animal_id":3,"nome":"ZettaDOG","tipo":"Cachorro","proprietario_id":3}
2023-10-24T19:37:25.325Z [petshop-api] error PUT  - null value in column "tipo" of relation "animais" violates not-null constraint
2023-10-24T19:38:04.914Z [petshop-api] error PUT  - insert or update on table "animais" violates foreign key constraint "fk_proprietarios"
2023-10-24T19:38:38.368Z [petshop-api] info PUT /animal - {"animal_id":3,"nome":"Juca Bala 38","tipo":"Gato","proprietario_id":5}
2023-10-25T11:19:15.931Z [petshop-api] info GET /owners
2023-10-25T11:19:33.687Z [petshop-api] error POST  - proprietario_id is not defined
2023-10-25T11:19:54.766Z [petshop-api] error POST  - proprietario_id is not defined
2023-10-25T11:22:22.343Z [petshop-api] error POST  - owner is not defined
2023-10-25T11:22:54.525Z [petshop-api] error POST  - O proprietario_id informado não existe.
2023-10-25T11:23:00.784Z [petshop-api] info POST /animal - {"animal_id":4,"nome":"Sombra","tipo":"Gato","proprietario_id":3}
2023-10-25T11:23:40.208Z [petshop-api] error POST  - O proprietario_id informado não existe.
2023-10-25T11:26:22.098Z [petshop-api] error PUT  - O proprietario_id informado não existe.
2023-10-25T11:26:27.084Z [petshop-api] info PUT /animal - {"animal_id":3,"nome":"Juca Bala 38","tipo":"Gato","proprietario_id":5}
2023-10-25T12:01:26.147Z [petshop-api] info GET /owners
2023-10-25T12:01:34.003Z [petshop-api] info GET /animals
2023-10-25T12:01:41.361Z [petshop-api] info GET /owners
2023-10-25T12:01:51.087Z [petshop-api] error DELETE  - O proprietario possui animais associados.
2023-10-25T12:01:56.224Z [petshop-api] info GET /owners
2023-10-25T12:02:08.752Z [petshop-api] info DELETE /animal/id
2023-10-25T12:02:12.012Z [petshop-api] info GET /animals
2023-10-25T12:02:15.497Z [petshop-api] error DELETE  - O proprietario possui animais associados.
2023-10-25T12:02:21.970Z [petshop-api] info GET /owner/id
2023-10-25T12:02:42.611Z [petshop-api] info GET /animals
2023-10-25T12:02:47.926Z [petshop-api] error DELETE  - O proprietario possui animais associados.
2023-10-25T12:02:50.341Z [petshop-api] info GET /owner/id
2023-10-25T12:05:15.717Z [petshop-api] info POST /owner - {"proprietario_id":8,"nome":"Juca Bala","telefone":"(49) 1234-2323"}
2023-10-25T12:05:22.166Z [petshop-api] info POST /owner - {"proprietario_id":9,"nome":"JOrge","telefone":"(49) 1234-2323"}
2023-10-25T12:05:29.313Z [petshop-api] info POST /owner - {"proprietario_id":10,"nome":"Breu","telefone":"(49) 1234-2323"}
2023-10-25T12:05:36.226Z [petshop-api] info GET /owners
2023-10-25T12:05:51.820Z [petshop-api] info POST /animal - {"animal_id":5,"nome":"Bart","tipo":"Gato","proprietario_id":3}
2023-10-25T12:05:55.438Z [petshop-api] info GET /owners
2023-10-25T12:06:00.435Z [petshop-api] info GET /animals
2023-10-25T12:06:10.727Z [petshop-api] error DELETE  - O proprietario possui animais associados.
2023-10-25T12:06:16.674Z [petshop-api] info GET /owners
2023-10-25T12:06:23.387Z [petshop-api] info GET /animals
2023-10-25T12:06:30.161Z [petshop-api] info DELETE /animal/id
2023-10-25T12:06:35.491Z [petshop-api] info GET /animals
2023-10-25T12:06:39.765Z [petshop-api] info GET /owners
2023-10-25T12:06:42.914Z [petshop-api] error DELETE  - O proprietario possui animais associados.
2023-10-25T12:06:48.357Z [petshop-api] info GET /owner/id
2023-10-25T12:07:34.004Z [petshop-api] info GET /owners
2023-10-25T12:19:00.618Z [petshop-api] error DELETE  - animalsRepositories.getAnimalsByOwner is not a function
2023-10-25T12:26:54.340Z [petshop-api] error DELETE  - Cannot access 'animal' before initialization
2023-10-25T12:51:16.423Z [petshop-api] info GET /animals
2023-10-25T12:51:48.320Z [petshop-api] info POST /animal - {"animal_id":6,"nome":"Bart","tipo":"Gato","proprietario_id":3}
2023-10-25T12:51:49.977Z [petshop-api] info POST /animal - {"animal_id":7,"nome":"Bart","tipo":"Gato","proprietario_id":3}
2023-10-25T12:51:56.348Z [petshop-api] info GET /animals
2023-10-25T12:52:22.795Z [petshop-api] info GET /animals
2023-10-25T12:53:26.045Z [petshop-api] info GET /animals
2023-10-25T12:53:54.248Z [petshop-api] info GET /owners
2023-10-25T12:54:57.109Z [petshop-api] info GET /animals
2023-10-25T12:55:08.338Z [petshop-api] info GET /owners
2023-10-25T12:55:23.486Z [petshop-api] error DELETE  - O proprietario possui animais associados.
2023-10-25T12:55:29.457Z [petshop-api] info GET /owners
2023-10-25T12:55:43.115Z [petshop-api] info DELETE /animal/id
2023-10-25T12:55:45.686Z [petshop-api] error DELETE  - O proprietario possui animais associados.
2023-10-25T12:55:54.082Z [petshop-api] info GET /owners
2023-10-25T12:57:17.096Z [petshop-api] error DELETE  - O proprietario possui animais associados.
2023-10-25T12:57:26.312Z [petshop-api] info GET /animals
2023-10-25T13:41:21.978Z [petshop-api] info GET /owner/id
2023-10-25T13:41:27.159Z [petshop-api] info GET /animals
2023-10-25T13:41:43.758Z [petshop-api] error DELETE  - update or delete on table "proprietarios" violates foreign key constraint "fk_proprietarios" on table "animais"
2023-10-25T13:42:24.915Z [petshop-api] error DELETE  - update or delete on table "proprietarios" violates foreign key constraint "fk_proprietarios" on table "animais"
2023-10-25T13:44:07.997Z [petshop-api] error DELETE  - O proprietario possui animais associados.
2023-10-25T13:44:24.569Z [petshop-api] info DELETE /owner/id
2023-10-25T13:46:03.350Z [petshop-api] info DELETE /owner/id
2023-10-25T13:46:33.646Z [petshop-api] info DELETE /owner/id
2023-10-25T13:46:39.431Z [petshop-api] info GET /owners
2023-10-25T13:46:48.969Z [petshop-api] info DELETE /owner/id
2023-10-25T13:46:52.141Z [petshop-api] info GET /owners
2023-10-25T13:46:56.500Z [petshop-api] error DELETE  - O proprietario possui animais associados.
2023-10-25T13:46:59.460Z [petshop-api] info GET /owners
2023-10-25T14:07:13.368Z [petshop-api] error DELETE  - O proprietario possui animais associados.
2023-10-25T14:07:18.789Z [petshop-api] info GET /owners
2023-10-25T14:07:26.314Z [petshop-api] info GET /animals
2023-10-25T14:07:39.384Z [petshop-api] info POST /animal - {"animal_id":8,"nome":"Bart","tipo":"Gato","proprietario_id":2}
2023-10-25T14:07:41.844Z [petshop-api] info GET /animals
2023-10-25T14:07:46.467Z [petshop-api] error DELETE  - O proprietario possui animais associados.
2023-10-25T14:07:55.928Z [petshop-api] info DELETE /animal/id
2023-10-25T14:07:58.599Z [petshop-api] info DELETE /owner/id
2023-10-25T14:08:02.855Z [petshop-api] info GET /owners
2023-10-25T14:11:25.673Z [petshop-api] info GET /animals
2023-10-25T14:11:28.572Z [petshop-api] info GET /animals
2023-10-25T14:11:36.135Z [petshop-api] info GET /animals
2023-10-25T14:22:30.663Z [petshop-api] info GET /owners
2023-10-25T14:22:36.955Z [petshop-api] info GET /animal/id
2023-10-25T14:22:41.550Z [petshop-api] info GET /animals
2023-10-25T14:22:45.337Z [petshop-api] info GET /animals
2023-10-25T16:49:22.654Z [petshop-api] info GET /animals
2023-10-25T16:49:26.970Z [petshop-api] info GET /animal/id
2023-10-25T16:50:04.080Z [petshop-api] info GET /animals
2023-10-25T16:51:08.766Z [petshop-api] info POST /animal - {"animal_id":10,"nome":"Totó","tipo":"Cachorro","proprietario_id":6}
2023-10-25T16:51:36.782Z [petshop-api] info GET /animals
2023-10-25T16:51:55.082Z [petshop-api] info GET /animals
2023-10-25T16:52:17.475Z [petshop-api] info GET /animals
2023-10-25T16:52:48.490Z [petshop-api] info GET /animals
2023-10-25T16:52:53.196Z [petshop-api] info GET /animals
2023-10-25T16:53:10.973Z [petshop-api] info GET /owner/id
2023-10-25T16:53:44.961Z [petshop-api] info GET /animals
2023-10-25T16:54:00.362Z [petshop-api] info GET /owner/id
2023-10-25T16:54:20.188Z [petshop-api] info DELETE /animal/id
2023-10-25T16:54:37.799Z [petshop-api] info GET /animals
2023-10-25T16:54:59.224Z [petshop-api] info GET /owner/id
2023-10-25T16:55:04.610Z [petshop-api] info GET /animals
2023-10-30T18:34:47.535Z [petshop-api] error GET  - relation "owners" does not exist
2023-10-30T18:35:31.198Z [petshop-api] error GET  - relation "owners" does not exist
2023-10-30T18:36:41.337Z [petshop-api] error GET  - column "ownerid" does not exist
2023-10-30T18:37:21.063Z [petshop-api] info GET /owners
2023-10-30T18:39:16.881Z [petshop-api] info GET /owners
2023-10-30T18:49:33.615Z [petshop-api] info GET /owners
2023-10-30T18:50:05.482Z [petshop-api] info GET /owner/id
2023-10-30T18:50:12.513Z [petshop-api] info GET /owner/id
2023-10-30T18:50:45.492Z [petshop-api] error POST  - notNull Violation: proprietarios.nome cannot be null,
notNull Violation: proprietarios.telefone cannot be null
2023-10-30T18:54:17.310Z [petshop-api] info POST /owner - {"proprietarioId":7,"nome":"Breu","telefone":"(49) 1234-2323"}
2023-10-30T18:55:34.002Z [petshop-api] error PUT  - Client ID, Name e Phone são obrigatorios.
2023-10-30T18:56:18.403Z [petshop-api] info PUT /owner - {"proprietarioId":7,"nome":"Juca Bala 1","telefone":"(49) 1234-3232"}
2023-10-30T18:57:08.425Z [petshop-api] info DELETE /owner/id
2023-10-30T18:57:12.391Z [petshop-api] info GET /owners
2023-10-30T18:57:17.100Z [petshop-api] info GET /owner/id
2023-10-30T18:57:20.449Z [petshop-api] info GET /owner/id
2023-10-30T19:11:46.437Z [petshop-api] error GET  - connect is not a function
2023-10-30T19:20:32.257Z [petshop-api] error GET  - connect is not a function
2023-10-30T19:20:46.129Z [petshop-api] error GET  - connect is not a function
2023-10-30T19:20:54.436Z [petshop-api] error GET  - connect is not a function
2023-10-30T19:22:39.531Z [petshop-api] error GET  - connect is not a function
2023-10-30T19:25:00.108Z [petshop-api] info GET /owners
2023-10-30T19:25:12.407Z [petshop-api] info GET /owner/id
2023-10-30T19:27:20.320Z [petshop-api] info GET /owner/id
2023-10-30T19:27:26.245Z [petshop-api] error GET  - connect is not a function
2023-10-30T19:31:10.502Z [petshop-api] error GET  - connect is not a function
2023-10-30T19:32:13.403Z [petshop-api] error GET  - connect is not a function
2023-10-31T12:34:03.089Z [petshop-api] error GET  - no pg_hba.conf entry for host "186.227.151.34", user "ivcexhjy", database "ivcexhjy;", no encryption
2023-10-31T12:34:08.940Z [petshop-api] error GET  - no pg_hba.conf entry for host "186.227.151.34", user "ivcexhjy", database "ivcexhjy;", no encryption
2023-10-31T12:47:25.001Z [petshop-api] info GET /owners
2023-10-31T12:58:19.187Z [petshop-api] info GET /animals
2023-10-31T13:11:03.723Z [petshop-api] info GET /owners
2023-10-31T13:11:06.864Z [petshop-api] info GET /animals
2023-10-31T13:39:29.039Z [petshop-api] info GET /animals
2023-10-31T14:02:25.626Z [petshop-api] info GET /services
2023-10-31T14:03:35.030Z [petshop-api] info GET /services
2023-10-31T14:04:07.700Z [petshop-api] info GET /services
2023-10-31T14:07:27.228Z [petshop-api] info POST /service - {"servicoId":10,"descricao":"Banho","valor":"10","animalId":1}
2023-10-31T14:11:51.849Z [petshop-api] info GET /services
2023-10-31T14:13:55.740Z [petshop-api] info GET /animals
2023-10-31T14:19:18.406Z [petshop-api] info GET /services
2023-10-31T16:52:18.180Z [petshop-api] info GET /service/id
2023-10-31T16:53:19.058Z [petshop-api] info GET /services
2023-10-31T16:57:15.541Z [petshop-api] info GET /services
2023-10-31T17:02:01.440Z [petshop-api] info GET /service/id
2023-10-31T17:02:15.744Z [petshop-api] info GET /services
2023-10-31T17:04:15.254Z [petshop-api] info GET /services
2023-10-31T17:07:02.574Z [petshop-api] error GET  - proprietarios is not associated to servicos!
2023-10-31T17:07:25.864Z [petshop-api] info GET /services
2023-10-31T17:11:47.814Z [petshop-api] info GET /services
2023-10-31T17:13:03.936Z [petshop-api] info GET /services
2023-10-31T17:17:35.204Z [petshop-api] info GET /services
2023-10-31T17:17:50.793Z [petshop-api] error GET  - servicesRepositories.getServicesByOwner is not a function
2023-10-31T17:18:32.685Z [petshop-api] info GET /services
2023-10-31T17:39:00.837Z [petshop-api] error GET  - proprietarios is not associated to servicos!
2023-10-31T17:42:17.008Z [petshop-api] info GET /services
2023-10-31T17:42:23.077Z [petshop-api] info GET /services
2023-10-31T17:42:34.911Z [petshop-api] error GET  - proprietarios is not associated to servicos!
2023-10-31T17:45:31.863Z [petshop-api] info GET /services
2023-10-31T17:45:46.087Z [petshop-api] info GET /services
2023-10-31T17:45:48.887Z [petshop-api] info GET /services
2023-10-31T17:46:00.904Z [petshop-api] info GET /services
2023-10-31T22:18:39.330Z [petshop-api] error POST  - postService.createPost is not a function
2023-10-31T22:32:28.056Z [petshop-api] error POST  - postService.createPost is not a function
2023-10-31T22:33:59.475Z [petshop-api] info POST /post - {"titulo":"titulo","conteudo":"conteudo","comentarios":[],"_id":"654180d7f11607f42909bd5d"}
2023-10-31T22:36:59.263Z [petshop-api] error POST  - postService.createPost is not a function
2023-10-31T22:37:44.273Z [petshop-api] info POST /post - {"titulo":"loucura total","conteudo":"deu a louca","comentarios":[],"_id":"654181b8ca72c627ee3b2d7f"}
2023-11-01T00:17:42.666Z [petshop-api] error POST  - Unexpected number in JSON at position 24
2023-11-01T00:42:24.013Z [petshop-api] error POST  - ObjectId is not defined
2023-11-01T00:42:49.844Z [petshop-api] error POST  - ObjectId is not defined
2023-11-01T00:43:37.760Z [petshop-api] error POST  - ObjectId is not defined
2023-11-01T00:46:50.831Z [petshop-api] error POST  - ObjectId is not defined
2023-11-01T00:47:53.556Z [petshop-api] error POST  - ObjectID is not defined
2023-11-01T00:53:18.519Z [petshop-api] error POST  - ObjectID is not defined
2023-11-01T00:54:17.661Z [petshop-api] error POST  - ObjectId is not defined
2023-11-01T00:57:27.403Z [petshop-api] error POST  - ObjectId is not defined
